<?xml version="1.0" encoding="UTF-8"?>
<!-- Generated by org.testng.reporters.JUnitReportReporter -->
<testsuite hostname="DESKTOP-U1SURV9" failures="0" tests="7" name="com.vam.TestCases.AgentPageTestCases" time="81.231" errors="0" timestamp="2022-11-04T16:36:42 IST" skipped="0">
  <testcase classname="com.vam.TestCases.AgentPageTestCases" name="check_NewAgentButton" time="2.754"/>
  <system-out/>
  <testcase classname="com.vam.TestCases.AgentPageTestCases" name="verify_ErrorOnBlankMantoryFields" time="22.153"/>
  <system-out/>
  <testcase classname="com.vam.TestCases.AgentPageTestCases" name="click_NewAgentButton" time="2.425"/>
  <system-out/>
  <testcase classname="com.vam.TestCases.AgentPageTestCases" name="verify_AddNewAgent" time="14.666"/>
  <system-out/>
  <testcase classname="com.vam.TestCases.AgentPageTestCases" name="verify_addingInvalidDataonNewAgentPopup" time="18.554"/>
  <system-out/>
  <testcase classname="com.vam.TestCases.AgentPageTestCases" name="verify_CancleButton" time="7.760"/>
  <system-out/>
  <testcase classname="com.vam.TestCases.AgentPageTestCases" name="verify_EditAgent" time="12.919"/>
  <system-out/>
</testsuite> <!-- com.vam.TestCases.AgentPageTestCases -->
