<?xml version="1.0" encoding="UTF-8"?>
<!-- Generated by org.testng.reporters.JUnitReportReporter -->
<testsuite hostname="DESKTOP-U1SURV9" failures="0" tests="2" name="com.vam.TestCases.LoginTestCase" time="33.976" errors="0" timestamp="2022-10-13T12:52:05 IST" skipped="0">
  <testcase classname="com.vam.TestCases.LoginTestCase" name="testlogin" time="21.629"/>
  <system-out/>
  <testcase classname="com.vam.TestCases.LoginTestCase" name="testforgotlink" time="12.347"/>
  <system-out/>
</testsuite> <!-- com.vam.TestCases.LoginTestCase -->
