<?xml version="1.0" encoding="UTF-8"?>
<!-- Generated by org.testng.reporters.JUnitReportReporter -->
<testsuite hostname="DESKTOP-U1SURV9" failures="0" tests="1" name="com.vam.TestCases.HomePageTestCases" time="9.059" errors="0" timestamp="2022-11-04T17:34:41 IST" skipped="0">
  <testcase classname="com.vam.TestCases.HomePageTestCases" name="verify_AlertCases" time="9.059"/>
  <system-out/>
</testsuite> <!-- com.vam.TestCases.HomePageTestCases -->
