<?xml version="1.0" encoding="UTF-8"?>
<!-- Generated by org.testng.reporters.JUnitReportReporter -->
<testsuite hostname="DESKTOP-U1SURV9" failures="0" tests="11" name="com.vam.TestCases.MemberPageTestCases" time="301.924" errors="0" timestamp="2022-11-04T16:36:42 IST" skipped="0">
  <testcase classname="com.vam.TestCases.MemberPageTestCases" name="check_NewMemberButton" time="9.558"/>
  <system-out/>
  <testcase classname="com.vam.TestCases.MemberPageTestCases" name="click_NewMemberButton" time="10.374"/>
  <system-out/>
  <testcase classname="com.vam.TestCases.MemberPageTestCases" name="verify_ErrorOnBlankMantoryFields" time="17.410"/>
  <system-out/>
  <testcase classname="com.vam.TestCases.MemberPageTestCases" name="check_AddMemberCoverageButton" time="26.489"/>
  <system-out/>
  <testcase classname="com.vam.TestCases.MemberPageTestCases" name="check_AddMemberCoverage_Blankerror" time="33.200"/>
  <system-out/>
  <testcase classname="com.vam.TestCases.MemberPageTestCases" name="Add_MemberCoverage" time="38.808"/>
  <system-out/>
  <testcase classname="com.vam.TestCases.MemberPageTestCases" name="check_Add_Address_MemberCoverage_blankerror" time="30.391"/>
  <system-out/>
  <testcase classname="com.vam.TestCases.MemberPageTestCases" name="verify_Add_Address_MemberCoverage" time="47.505"/>
  <system-out/>
  <testcase classname="com.vam.TestCases.MemberPageTestCases" name="verify_Add_Coverage_Address_OnNewMemberwindow" time="48.044"/>
  <system-out/>
  <testcase classname="com.vam.TestCases.MemberPageTestCases" name="verify_edit_Member_Information" time="18.261"/>
  <system-out/>
  <testcase classname="com.vam.TestCases.MemberPageTestCases" name="verify_Edit_Member_Information_BlankError" time="21.884"/>
  <system-out/>
</testsuite> <!-- com.vam.TestCases.MemberPageTestCases -->
