<?xml version="1.0" encoding="UTF-8"?>
<!-- Generated by org.testng.reporters.JUnitReportReporter -->
<testsuite hostname="DESKTOP-U1SURV9" failures="0" tests="1" name="com.vam.TestCases.AuthorizationPageTestCases" time="22.545" errors="0" timestamp="2022-11-04T16:36:42 IST" skipped="0">
  <testcase classname="com.vam.TestCases.AuthorizationPageTestCases" name="verify_add_new_Authorization" time="22.545"/>
  <system-out/>
</testsuite> <!-- com.vam.TestCases.AuthorizationPageTestCases -->
